<?xml version="1.0" encoding="UTF-8"?>
<testsuite hostname="edwin-pc" name="com.blackcircles.test_env.BlackCircleTest" tests="7" failures="0" timestamp="21 Sep 2015 17:53:09 GMT" time="111.983" errors="0">
  <testcase name="testToSearchForGarageInMyLocality" time="2.258" classname="com.blackcircles.test_env.BlackCircleTest"/>
  <testcase name="testWIthValidUsernameAndInvalidPassword" time="8.922" classname="com.blackcircles.test_env.BlackCircleTest"/>
  <testcase name="testWithInValidUsernameAndInValidPassword" time="5.276" classname="com.blackcircles.test_env.BlackCircleTest"/>
  <testcase name="testWithInValidUsernameAndValidPassword" time="4.678" classname="com.blackcircles.test_env.BlackCircleTest"/>
  <testcase name="testWithNoUsernameAndNoPassword" time="3.328" classname="com.blackcircles.test_env.BlackCircleTest"/>
  <testcase name="testWithNoUsernameAndValidPassword" time="3.225" classname="com.blackcircles.test_env.BlackCircleTest"/>
  <testcase name="testwithValidUsernameAndValidPassword" time="7.392" classname="com.blackcircles.test_env.BlackCircleTest"/>
</testsuite>
