<?xml version="1.0" encoding="UTF-8"?>
<testsuite hostname="edwin-pc" name="org.live.meganto_app.test_area.MagentoLoginWithExcelDataTest" tests="7" failures="0" timestamp="23 Sep 2015 20:40:30 GMT" time="95.822" errors="0">
  <testcase name="loginTest1" time="2.567" classname="org.live.meganto_app.test_area.MagentoLoginWithExcelDataTest"/>
  <testcase name="loginTest2" time="2.391" classname="org.live.meganto_app.test_area.MagentoLoginWithExcelDataTest"/>
  <testcase name="loginTest3" time="2.199" classname="org.live.meganto_app.test_area.MagentoLoginWithExcelDataTest"/>
  <testcase name="loginTest4" time="2.259" classname="org.live.meganto_app.test_area.MagentoLoginWithExcelDataTest"/>
  <testcase name="loginTest5" time="1.134" classname="org.live.meganto_app.test_area.MagentoLoginWithExcelDataTest"/>
  <testcase name="loginTest6" time="0.96" classname="org.live.meganto_app.test_area.MagentoLoginWithExcelDataTest"/>
  <testcase name="loginTest7" time="1.67" classname="org.live.meganto_app.test_area.MagentoLoginWithExcelDataTest"/>
</testsuite>
